TN:
SF:src/components/ProductCard.tsx
FN:11,(anonymous_0)
FN:16,(anonymous_1)
FN:23,(anonymous_2)
FN:40,(anonymous_3)
FN:103,(anonymous_4)
FN:113,(anonymous_5)
FNF:6
FNH:0
FNDA:0,(anonymous_0)
FNDA:0,(anonymous_1)
FNDA:0,(anonymous_2)
FNDA:0,(anonymous_3)
FNDA:0,(anonymous_4)
FNDA:0,(anonymous_5)
DA:11,0
DA:16,0
DA:17,0
DA:23,0
DA:24,0
DA:31,0
DA:41,0
DA:103,0
DA:113,0
LF:9
LH:0
BRDA:35,0,0,0
BRDA:35,0,1,0
BRDA:35,1,0,0
BRDA:35,1,1,0
BRDA:57,2,0,0
BRDA:57,2,1,0
BRDA:62,3,0,0
BRDA:62,3,1,0
BRDA:70,4,0,0
BRDA:70,4,1,0
BRDA:82,5,0,0
BRDA:82,5,1,0
BRDA:88,6,0,0
BRDA:88,6,1,0
BRF:14
BRH:0
end_of_record
TN:
SF:src/components/ProductList.tsx
FN:12,(anonymous_0)
FN:21,(anonymous_1)
FN:53,(anonymous_2)
FNF:3
FNH:0
FNDA:0,(anonymous_0)
FNDA:0,(anonymous_1)
FNDA:0,(anonymous_2)
DA:12,0
DA:18,0
DA:19,0
DA:22,0
DA:39,0
DA:40,0
DA:51,0
DA:54,0
LF:8
LH:0
BRDA:18,0,0,0
BRDA:18,0,1,0
BRDA:39,1,0,0
BRDA:39,1,1,0
BRF:4
BRH:0
end_of_record
TN:
SF:src/components/ProductManagementApp.tsx
FN:12,(anonymous_0)
FN:32,(anonymous_1)
FN:37,(anonymous_2)
FN:56,(anonymous_3)
FN:61,(anonymous_4)
FN:72,(anonymous_5)
FN:79,(anonymous_6)
FN:91,(anonymous_7)
FN:97,(anonymous_8)
FN:110,(anonymous_9)
FN:117,(anonymous_10)
FN:136,(anonymous_11)
FN:181,(anonymous_12)
FN:187,(anonymous_13)
FN:195,(anonymous_14)
FN:206,(anonymous_15)
FNF:16
FNH:0
FNDA:0,(anonymous_0)
FNDA:0,(anonymous_1)
FNDA:0,(anonymous_2)
FNDA:0,(anonymous_3)
FNDA:0,(anonymous_4)
FNDA:0,(anonymous_5)
FNDA:0,(anonymous_6)
FNDA:0,(anonymous_7)
FNDA:0,(anonymous_8)
FNDA:0,(anonymous_9)
FNDA:0,(anonymous_10)
FNDA:0,(anonymous_11)
FNDA:0,(anonymous_12)
FNDA:0,(anonymous_13)
FNDA:0,(anonymous_14)
FNDA:0,(anonymous_15)
DA:12,0
DA:13,0
DA:14,0
DA:15,0
DA:16,0
DA:17,0
DA:18,0
DA:29,0
DA:32,0
DA:33,0
DA:37,0
DA:38,0
DA:39,0
DA:44,0
DA:45,0
DA:56,0
DA:57,0
DA:59,0
DA:61,0
DA:64,0
DA:65,0
DA:67,0
DA:72,0
DA:73,0
DA:75,0
DA:77,0
DA:79,0
DA:82,0
DA:83,0
DA:84,0
DA:86,0
DA:91,0
DA:92,0
DA:93,0
DA:97,0
DA:98,0
DA:100,0
DA:101,0
DA:102,0
DA:103,0
DA:105,0
DA:110,0
DA:111,0
DA:112,0
DA:117,0
DA:118,0
DA:119,0
DA:124,0
DA:136,0
DA:181,0
DA:187,0
DA:196,0
DA:197,0
DA:207,0
DA:208,0
LF:55
LH:0
BRDA:38,0,0,0
BRDA:38,0,1,0
BRDA:44,1,0,0
BRDA:44,1,1,0
BRDA:61,2,0,0
BRDA:61,2,1,0
BRDA:73,3,0,0
BRDA:73,3,1,0
BRDA:79,4,0,0
BRDA:79,4,1,0
BRDA:98,5,0,0
BRDA:98,5,1,0
BRDA:146,6,0,0
BRDA:146,6,1,0
BRDA:202,7,0,0
BRDA:202,7,1,0
BRF:16
BRH:0
end_of_record
TN:
SF:src/components/forms/ProductForm.tsx
FN:24,(anonymous_0)
FN:59,(anonymous_1)
FN:122,(anonymous_2)
FN:135,(anonymous_3)
FN:169,(anonymous_4)
FNF:5
FNH:0
FNDA:0,(anonymous_0)
FNDA:0,(anonymous_1)
FNDA:0,(anonymous_2)
FNDA:0,(anonymous_3)
FNDA:0,(anonymous_4)
DA:24,0
DA:37,0
DA:59,0
DA:60,0
DA:61,0
DA:62,0
DA:63,0
DA:66,0
DA:70,0
DA:122,0
DA:135,0
DA:170,0
LF:12
LH:0
BRDA:28,0,0,0
BRDA:38,1,0,0
BRDA:38,1,1,0
BRDA:39,2,0,0
BRDA:39,2,1,0
BRDA:42,3,0,0
BRDA:42,3,1,0
BRDA:46,4,0,0
BRDA:46,4,1,0
BRDA:47,5,0,0
BRDA:47,5,1,0
BRDA:50,6,0,0
BRDA:50,6,1,0
BRDA:62,7,0,0
BRDA:62,7,1,0
BRDA:121,8,0,0
BRDA:121,8,1,0
BRDA:134,9,0,0
BRDA:134,9,1,0
BRDA:195,10,0,0
BRDA:195,10,1,0
BRF:21
BRH:0
end_of_record
TN:
SF:src/components/ui/Button.tsx
FN:10,(anonymous_1)
FNF:1
FNH:1
FNDA:11,(anonymous_1)
DA:1,1
DA:10,1
DA:19,11
DA:21,11
DA:29,11
DA:35,11
DA:37,11
LF:7
LH:7
BRDA:11,0,0,8
BRDA:12,1,0,10
BRDA:13,2,0,9
BRDA:15,3,0,10
BRDA:40,4,0,11
BRDA:40,4,1,10
BRDA:43,5,0,11
BRDA:43,5,1,2
BRF:8
BRH:8
end_of_record
TN:
SF:src/components/ui/Input.tsx
FN:9,(anonymous_1)
FNF:1
FNH:1
FNDA:14,(anonymous_1)
DA:1,1
DA:9,1
DA:17,14
DA:19,14
DA:29,14
LF:5
LH:5
BRDA:13,0,0,13
BRDA:17,1,0,14
BRDA:17,1,1,13
BRDA:22,2,0,3
BRDA:22,2,1,11
BRDA:31,3,0,14
BRDA:31,3,1,7
BRDA:41,4,0,14
BRDA:41,4,1,3
BRDA:44,5,0,14
BRDA:44,5,1,2
BRDA:44,5,2,1
BRF:12
BRH:12
end_of_record
TN:
SF:src/components/ui/Modal.tsx
FN:11,(anonymous_9)
FN:18,(anonymous_10)
FN:19,(anonymous_11)
FN:30,(anonymous_12)
FNF:4
FNH:4
FNDA:26,(anonymous_9)
FNDA:23,(anonymous_10)
FNDA:2,(anonymous_11)
FNDA:23,(anonymous_12)
DA:1,1
DA:11,1
DA:18,26
DA:19,23
DA:20,2
DA:21,1
DA:25,23
DA:26,18
DA:27,18
DA:30,23
DA:31,23
DA:32,23
DA:36,26
DA:38,21
DA:45,21
LF:15
LH:15
BRDA:16,0,0,20
BRDA:20,1,0,1
BRDA:20,1,1,1
BRDA:25,2,0,18
BRDA:25,2,1,5
BRDA:36,3,0,5
BRDA:36,3,1,21
BRF:7
BRH:7
end_of_record
TN:
SF:src/components/ui/Select.tsx
FN:22,(anonymous_9)
FN:27,(anonymous_10)
FN:29,(anonymous_11)
FN:33,(anonymous_12)
FN:34,(anonymous_13)
FN:41,(anonymous_14)
FN:46,(anonymous_15)
FN:52,(anonymous_16)
FN:94,(anonymous_17)
FN:128,(anonymous_18)
FN:133,(anonymous_19)
FN:141,(anonymous_20)
FNF:12
FNH:12
FNDA:43,(anonymous_9)
FNDA:110,(anonymous_10)
FNDA:18,(anonymous_11)
FNDA:17,(anonymous_12)
FNDA:1,(anonymous_13)
FNDA:17,(anonymous_14)
FNDA:2,(anonymous_15)
FNDA:6,(anonymous_16)
FNDA:8,(anonymous_17)
FNDA:1,(anonymous_18)
FNDA:48,(anonymous_19)
FNDA:1,(anonymous_20)
DA:1,1
DA:21,1
DA:23,43
DA:24,43
DA:25,43
DA:27,110
DA:29,43
DA:30,18
DA:33,43
DA:34,17
DA:35,1
DA:36,1
DA:40,17
DA:41,17
DA:42,17
DA:46,43
DA:47,2
DA:48,2
DA:49,2
DA:52,43
DA:53,6
DA:55,5
DA:58,2
DA:59,2
DA:60,2
DA:62,2
DA:63,2
DA:65,1
DA:66,1
DA:67,1
DA:69,1
DA:71,0
DA:72,0
DA:73,0
DA:75,0
DA:79,43
DA:94,8
DA:128,1
DA:134,48
DA:141,1
DA:160,1
LF:41
LH:37
BRDA:24,0,0,43
BRDA:24,0,1,36
BRDA:30,1,0,18
BRDA:30,1,1,14
BRDA:35,2,0,1
BRDA:35,2,1,0
BRDA:35,3,0,1
BRDA:35,3,1,1
BRDA:53,4,0,1
BRDA:53,4,1,5
BRDA:55,5,0,1
BRDA:55,5,1,2
BRDA:55,5,2,2
BRDA:55,5,3,1
BRDA:55,5,4,0
BRDA:66,6,0,1
BRDA:66,6,1,0
BRDA:72,7,0,0
BRDA:72,7,1,0
BRDA:81,8,0,43
BRDA:81,8,1,1
BRDA:90,9,0,2
BRDA:90,9,1,41
BRDA:93,10,0,43
BRDA:93,10,1,42
BRDA:94,11,0,8
BRDA:94,11,1,8
BRDA:99,12,0,1
BRDA:99,12,1,42
BRDA:101,13,0,8
BRDA:101,13,1,35
BRDA:102,14,0,8
BRDA:102,14,1,35
BRDA:107,15,0,18
BRDA:107,15,1,25
BRDA:123,16,0,43
BRDA:123,16,1,18
BRDA:125,17,0,18
BRDA:125,17,1,18
BRDA:137,18,0,2
BRDA:137,18,1,46
BRDA:149,19,0,43
BRDA:149,19,1,2
BRDA:152,20,0,43
BRDA:152,20,1,2
BRDA:152,20,2,1
BRF:46
BRH:41
end_of_record
TN:
SF:src/components/ui/Textarea.tsx
FN:9,(anonymous_1)
FNF:1
FNH:1
FNDA:23,(anonymous_1)
DA:1,1
DA:9,1
DA:17,23
DA:19,23
DA:29,23
LF:5
LH:5
BRDA:13,0,0,22
BRDA:17,1,0,23
BRDA:17,1,1,22
BRDA:22,2,0,3
BRDA:22,2,1,20
BRDA:31,3,0,23
BRDA:31,3,1,7
BRDA:41,4,0,23
BRDA:41,4,1,3
BRDA:44,5,0,23
BRDA:44,5,1,2
BRDA:44,5,2,1
BRF:12
BRH:12
end_of_record
TN:
SF:src/lib/api.ts
FN:21,(anonymous_0)
FN:32,(anonymous_1)
FN:40,(anonymous_2)
FN:47,(anonymous_3)
FN:66,(anonymous_4)
FN:101,(anonymous_5)
FN:108,(anonymous_6)
FN:115,(anonymous_7)
FN:123,(anonymous_8)
FN:134,(anonymous_9)
FNF:10
FNH:0
FNDA:0,(anonymous_0)
FNDA:0,(anonymous_1)
FNDA:0,(anonymous_2)
FNDA:0,(anonymous_3)
FNDA:0,(anonymous_4)
FNDA:0,(anonymous_5)
FNDA:0,(anonymous_6)
FNDA:0,(anonymous_7)
FNDA:0,(anonymous_8)
FNDA:0,(anonymous_9)
DA:22,0
DA:31,0
DA:34,0
DA:35,0
DA:36,0
DA:38,0
DA:41,0
DA:46,0
DA:49,0
DA:50,0
DA:54,0
DA:56,0
DA:58,0
DA:59,0
DA:62,0
DA:63,0
DA:68,0
DA:69,0
DA:71,0
DA:76,0
DA:79,0
DA:80,0
DA:82,0
DA:83,0
DA:87,0
DA:92,0
DA:95,0
DA:102,0
DA:105,0
DA:109,0
DA:112,0
DA:116,0
DA:120,0
DA:127,0
DA:131,0
DA:135,0
DA:140,0
LF:37
LH:0
BRDA:23,0,0,0
BRDA:23,0,1,0
BRDA:35,1,0,0
BRDA:35,1,1,0
BRDA:49,2,0,0
BRDA:49,2,1,0
BRDA:49,3,0,0
BRDA:49,3,1,0
BRDA:56,4,0,0
BRDA:56,4,1,0
BRDA:68,5,0,0
BRDA:68,5,1,0
BRDA:71,6,0,0
BRDA:71,6,1,0
BRDA:72,7,0,0
BRDA:72,7,1,0
BRDA:72,7,2,0
BRDA:79,8,0,0
BRDA:79,8,1,0
BRDA:82,9,0,0
BRDA:82,9,1,0
BRDA:93,10,0,0
BRDA:93,10,1,0
BRF:23
BRH:0
end_of_record
TN:
SF:src/lib/constants.ts
FNF:0
FNH:0
DA:6,1
DA:14,1
LF:2
LH:2
BRF:0
BRH:0
end_of_record
TN:
SF:src/lib/error-handler.ts
FN:10,(anonymous_0)
FN:52,(anonymous_1)
FN:79,(anonymous_2)
FN:94,(anonymous_3)
FN:107,(anonymous_4)
FNF:5
FNH:5
FNDA:9,(anonymous_0)
FNDA:3,(anonymous_1)
FNDA:1,(anonymous_2)
FNDA:4,(anonymous_3)
FNDA:3,(anonymous_4)
DA:1,1
DA:6,1
DA:11,9
DA:13,5
DA:14,2
DA:15,2
DA:17,2
DA:18,2
DA:19,2
DA:24,3
DA:25,1
DA:29,2
DA:30,2
DA:33,0
DA:37,4
DA:38,2
DA:42,2
DA:43,1
DA:46,1
DA:59,3
DA:63,3
DA:64,2
DA:65,2
DA:66,2
DA:68,2
DA:69,1
DA:73,3
DA:80,1
DA:81,1
DA:83,1
DA:86,1
DA:87,1
DA:95,4
DA:108,3
DA:110,2
DA:111,1
DA:115,1
DA:116,1
DA:121,1
LF:39
LH:38
BRDA:11,0,0,5
BRDA:11,0,1,4
BRDA:13,1,0,2
BRDA:13,1,1,3
BRDA:15,2,0,2
BRDA:15,2,1,0
BRDA:19,3,0,2
BRDA:19,3,1,0
BRDA:24,4,0,1
BRDA:24,4,1,2
BRDA:25,5,0,1
BRDA:25,5,1,0
BRDA:29,6,0,2
BRDA:29,6,1,0
BRDA:37,7,0,2
BRDA:37,7,1,2
BRDA:42,8,0,1
BRDA:42,8,1,1
BRDA:63,9,0,2
BRDA:63,9,1,1
BRDA:68,10,0,1
BRDA:68,10,1,1
BRDA:81,11,0,1
BRDA:81,11,1,0
BRDA:86,12,0,1
BRDA:86,12,1,0
BRDA:96,13,0,4
BRDA:96,13,1,4
BRDA:96,13,2,3
BRDA:96,13,3,1
BRDA:96,13,4,0
BRDA:108,14,0,2
BRDA:108,14,1,1
BRDA:110,15,0,1
BRDA:110,15,1,1
BRDA:115,16,0,1
BRDA:115,16,1,0
BRF:37
BRH:29
end_of_record
TN:
SF:src/lib/utils.ts
FN:9,cn
FNF:1
FNH:0
FNDA:0,cn
DA:10,0
LF:1
LH:0
BRF:0
BRH:0
end_of_record
TN:
SF:src/lib/validations.ts
FN:36,(anonymous_0)
FN:36,(anonymous_1)
FN:43,(anonymous_2)
FN:43,(anonymous_3)
FN:44,(anonymous_4)
FN:44,(anonymous_5)
FN:55,(anonymous_6)
FN:55,(anonymous_7)
FNF:8
FNH:8
FNDA:1,(anonymous_0)
FNDA:1,(anonymous_1)
FNDA:2,(anonymous_2)
FNDA:2,(anonymous_3)
FNDA:2,(anonymous_4)
FNDA:2,(anonymous_5)
FNDA:2,(anonymous_6)
FNDA:5,(anonymous_7)
DA:1,1
DA:2,1
DA:9,1
DA:36,1
DA:43,2
DA:44,2
DA:55,5
DA:61,1
DA:63,1
LF:9
LH:9
BRDA:36,0,0,1
BRDA:36,0,1,1
BRF:2
BRH:2
end_of_record
TN:
SF:src/stores/productStore.ts
FN:36,(anonymous_0)
FN:39,(anonymous_1)
FN:55,(anonymous_2)
FN:71,(anonymous_3)
FN:75,(anonymous_4)
FN:90,(anonymous_5)
FN:94,(anonymous_6)
FN:95,(anonymous_7)
FN:115,(anonymous_8)
FN:119,(anonymous_9)
FN:120,(anonymous_10)
FN:136,(anonymous_11)
FN:140,(anonymous_12)
FN:144,(anonymous_13)
FNF:14
FNH:0
FNDA:0,(anonymous_0)
FNDA:0,(anonymous_1)
FNDA:0,(anonymous_2)
FNDA:0,(anonymous_3)
FNDA:0,(anonymous_4)
FNDA:0,(anonymous_5)
FNDA:0,(anonymous_6)
FNDA:0,(anonymous_7)
FNDA:0,(anonymous_8)
FNDA:0,(anonymous_9)
FNDA:0,(anonymous_10)
FNDA:0,(anonymous_11)
FNDA:0,(anonymous_12)
FNDA:0,(anonymous_13)
DA:27,0
DA:34,0
DA:36,0
DA:40,0
DA:41,0
DA:42,0
DA:43,0
DA:45,0
DA:46,0
DA:48,0
DA:56,0
DA:57,0
DA:58,0
DA:59,0
DA:61,0
DA:62,0
DA:64,0
DA:72,0
DA:73,0
DA:74,0
DA:75,0
DA:80,0
DA:81,0
DA:83,0
DA:91,0
DA:92,0
DA:93,0
DA:94,0
DA:96,0
DA:105,0
DA:106,0
DA:108,0
DA:116,0
DA:117,0
DA:118,0
DA:119,0
DA:120,0
DA:126,0
DA:127,0
DA:129,0
DA:137,0
DA:141,0
DA:145,0
LF:43
LH:0
BRDA:96,0,0,0
BRDA:96,0,1,0
BRDA:99,1,0,0
BRDA:99,1,1,0
BRDA:122,2,0,0
BRDA:122,2,1,0
BRF:6
BRH:0
end_of_record
TN:
SF:src/types/api.ts
FN:6,(anonymous_0)
FN:52,(anonymous_1)
FN:74,(anonymous_2)
FN:81,(anonymous_3)
FN:91,(anonymous_4)
FN:98,(anonymous_5)
FNF:6
FNH:6
FNDA:1,(anonymous_0)
FNDA:8,(anonymous_1)
FNDA:10,(anonymous_2)
FNDA:3,(anonymous_3)
FNDA:3,(anonymous_4)
FNDA:5,(anonymous_5)
DA:6,1
DA:7,1
DA:8,1
DA:9,1
DA:46,1
DA:54,8
DA:58,8
DA:59,8
DA:60,8
DA:62,8
DA:63,4
DA:64,4
DA:65,4
DA:67,4
DA:75,10
DA:82,3
DA:83,0
DA:85,3
DA:92,3
DA:99,5
LF:20
LH:19
BRDA:6,0,0,1
BRDA:6,0,1,1
BRDA:54,1,0,4
BRDA:54,1,1,4
BRDA:56,2,0,4
BRDA:56,2,1,2
BRDA:62,3,0,4
BRDA:62,3,1,4
BRDA:75,4,0,10
BRDA:75,4,1,7
BRDA:82,5,0,0
BRDA:82,5,1,3
BRDA:85,6,0,3
BRDA:85,6,1,0
BRF:14
BRH:12
end_of_record
TN:
SF:src/types/index.ts
FNF:0
FNH:0
DA:1,1
DA:2,1
LF:2
LH:2
BRF:0
BRH:0
end_of_record
